[ 2017-05-08T12:14:25+08:00 ] 127.0.0.1 /
INFO: [ app_init ] --START--
INFO: Run Behavior\BuildLiteBehavior [ RunTime:0.000000s ]
INFO: [ app_init ] --END-- [ RunTime:0.088005s ]
INFO: [ app_begin ] --START--
INFO: Run Behavior\ReadHtmlCacheBehavior [ RunTime:0.016001s ]
INFO: [ app_begin ] --END-- [ RunTime:0.016001s ]
SQL: SELECT * FROM `bdh_product`  [ RunTime:0.1290s ]
SQL: SELECT * FROM `bdh_product_img` WHERE ( product_id = 59 ) LIMIT 1   [ RunTime:0.0000s ]
SQL: SELECT * FROM `bdh_product_label` WHERE ( product_id = 59 ) ORDER BY product_label_id asc  [ RunTime:0.0010s ]
SQL: SELECT * FROM `bdh_label` WHERE `label_id` IN ('5','4','8','7','2','1')  [ RunTime:0.0490s ]
INFO: [ view_parse ] --START--
INFO: [ template_filter ] --START--
INFO: Run Behavior\ContentReplaceBehavior [ RunTime:0.005000s ]
INFO: [ template_filter ] --END-- [ RunTime:0.005000s ]
NOTIC: [8] Undefined index: adminUser C:\xampp\htdocs\budaohang\Application\Runtime\Cache\Home\2a94b8bda04ff446dcedd42276fc99ee.php 第 206 行.
SQL: SELECT * FROM `bdh_product_type` ORDER BY create_time desc  [ RunTime:0.0950s ]
SQL: SELECT * FROM `bdh_label` ORDER BY create_time desc  [ RunTime:0.0010s ]
NOTIC: [8] Undefined index: introduction C:\xampp\htdocs\budaohang\Application\Runtime\Cache\Home\2a94b8bda04ff446dcedd42276fc99ee.php 第 1196 行.
INFO: Run Behavior\ParseTemplateBehavior [ RunTime:1.657094s ]
INFO: [ view_parse ] --END-- [ RunTime:1.659095s ]
INFO: [ view_filter ] --START--
INFO: Run Behavior\WriteHtmlCacheBehavior [ RunTime:0.027002s ]
INFO: [ view_filter ] --END-- [ RunTime:0.027002s ]
INFO: [ app_end ] --START--
INFO: Run Behavior\ShowPageTraceBehavior [ RunTime:0.061003s ]
INFO: [ app_end ] --END-- [ RunTime:0.061003s ]

[ 2017-05-08T12:14:39+08:00 ] 127.0.0.1 /index.php?m=home&c=login
INFO: [ app_init ] --START--
INFO: Run Behavior\BuildLiteBehavior [ RunTime:0.000000s ]
INFO: [ app_init ] --END-- [ RunTime:0.003000s ]
INFO: [ app_begin ] --START--
INFO: Run Behavior\ReadHtmlCacheBehavior [ RunTime:0.005000s ]
INFO: [ app_begin ] --END-- [ RunTime:0.005000s ]
INFO: [ view_parse ] --START--
INFO: [ template_filter ] --START--
INFO: Run Behavior\ContentReplaceBehavior [ RunTime:0.000000s ]
INFO: [ template_filter ] --END-- [ RunTime:0.000000s ]
INFO: Run Behavior\ParseTemplateBehavior [ RunTime:0.048003s ]
INFO: [ view_parse ] --END-- [ RunTime:0.049003s ]
INFO: [ view_filter ] --START--
INFO: Run Behavior\WriteHtmlCacheBehavior [ RunTime:0.002000s ]
INFO: [ view_filter ] --END-- [ RunTime:0.002000s ]
INFO: [ app_end ] --START--
INFO: Run Behavior\ShowPageTraceBehavior [ RunTime:0.004001s ]
INFO: [ app_end ] --END-- [ RunTime:0.004001s ]

[ 2017-05-08T12:14:57+08:00 ] 127.0.0.1 /index.php?m=home&c=register
INFO: [ app_init ] --START--
INFO: Run Behavior\BuildLiteBehavior [ RunTime:0.000000s ]
INFO: [ app_init ] --END-- [ RunTime:0.002000s ]
INFO: [ app_begin ] --START--
INFO: Run Behavior\ReadHtmlCacheBehavior [ RunTime:0.003000s ]
INFO: [ app_begin ] --END-- [ RunTime:0.003000s ]
INFO: [ view_parse ] --START--
INFO: [ template_filter ] --START--
INFO: Run Behavior\ContentReplaceBehavior [ RunTime:0.001000s ]
INFO: [ template_filter ] --END-- [ RunTime:0.001000s ]
INFO: Run Behavior\ParseTemplateBehavior [ RunTime:0.052003s ]
INFO: [ view_parse ] --END-- [ RunTime:0.053003s ]
INFO: [ view_filter ] --START--
INFO: Run Behavior\WriteHtmlCacheBehavior [ RunTime:0.003000s ]
INFO: [ view_filter ] --END-- [ RunTime:0.003000s ]
INFO: [ app_end ] --START--
INFO: Run Behavior\ShowPageTraceBehavior [ RunTime:0.006000s ]
INFO: [ app_end ] --END-- [ RunTime:0.006000s ]

[ 2017-05-08T12:15:28+08:00 ] 127.0.0.1 /index.php?m=home&c=register&a=firstCheck
INFO: [ app_init ] --START--
INFO: Run Behavior\BuildLiteBehavior [ RunTime:0.000000s ]
INFO: [ app_init ] --END-- [ RunTime:0.001000s ]
INFO: [ app_begin ] --START--
INFO: Run Behavior\ReadHtmlCacheBehavior [ RunTime:0.004000s ]
INFO: [ app_begin ] --END-- [ RunTime:0.004000s ]
SQL: SELECT * FROM `bdh_admin` WHERE `status` <> -1 AND `email` = 'zhongliuze@gmail.com' LIMIT 1   [ RunTime:0.0300s ]

[ 2017-05-08T12:15:33+08:00 ] 127.0.0.1 /index.php?m=home&c=register&a=firstCheck
INFO: [ app_init ] --START--
INFO: Run Behavior\BuildLiteBehavior [ RunTime:0.000000s ]
INFO: [ app_init ] --END-- [ RunTime:0.001000s ]
INFO: [ app_begin ] --START--
INFO: Run Behavior\ReadHtmlCacheBehavior [ RunTime:0.003000s ]
INFO: [ app_begin ] --END-- [ RunTime:0.003000s ]
SQL: SELECT * FROM `bdh_admin` WHERE `status` <> -1 AND `email` = 'zhongliuze@gmail.com' LIMIT 1   [ RunTime:0.0010s ]

[ 2017-05-08T12:16:05+08:00 ] 127.0.0.1 /index.php?m=home&c=register&a=firstCheck
INFO: [ app_init ] --START--
INFO: Run Behavior\BuildLiteBehavior [ RunTime:0.000000s ]
INFO: [ app_init ] --END-- [ RunTime:0.002000s ]
INFO: [ app_begin ] --START--
INFO: Run Behavior\ReadHtmlCacheBehavior [ RunTime:0.003000s ]
INFO: [ app_begin ] --END-- [ RunTime:0.003000s ]
SQL: SELECT * FROM `bdh_admin` WHERE `status` <> -1 AND `email` = 'zhongliuze233@gmail.com' LIMIT 1   [ RunTime:0.0010s ]

[ 2017-05-08T12:16:05+08:00 ] 127.0.0.1 /index.php?m=home&c=register&a=register
INFO: [ app_init ] --START--
INFO: Run Behavior\BuildLiteBehavior [ RunTime:0.000000s ]
INFO: [ app_init ] --END-- [ RunTime:0.001000s ]
INFO: [ app_begin ] --START--
INFO: Run Behavior\ReadHtmlCacheBehavior [ RunTime:0.002000s ]
INFO: [ app_begin ] --END-- [ RunTime:0.003000s ]
INFO: [ view_parse ] --START--
INFO: [ template_filter ] --START--
INFO: Run Behavior\ContentReplaceBehavior [ RunTime:0.000000s ]
INFO: [ template_filter ] --END-- [ RunTime:0.000000s ]
INFO: Run Behavior\ParseTemplateBehavior [ RunTime:0.086005s ]
INFO: [ view_parse ] --END-- [ RunTime:0.086005s ]
INFO: [ view_filter ] --START--
INFO: Run Behavior\WriteHtmlCacheBehavior [ RunTime:0.003000s ]
INFO: [ view_filter ] --END-- [ RunTime:0.003000s ]
INFO: [ app_end ] --START--
INFO: Run Behavior\ShowPageTraceBehavior [ RunTime:0.004001s ]
INFO: [ app_end ] --END-- [ RunTime:0.004001s ]

[ 2017-05-08T12:57:23+08:00 ] 127.0.0.1 /index.php?m=home&c=login
INFO: [ app_init ] --START--
INFO: Run Behavior\BuildLiteBehavior [ RunTime:0.001000s ]
INFO: [ app_init ] --END-- [ RunTime:0.003001s ]
INFO: [ app_begin ] --START--
INFO: Run Behavior\ReadHtmlCacheBehavior [ RunTime:0.004001s ]
INFO: [ app_begin ] --END-- [ RunTime:0.004001s ]
INFO: [ view_parse ] --START--
INFO: [ template_filter ] --START--
INFO: Run Behavior\ContentReplaceBehavior [ RunTime:0.000000s ]
INFO: [ template_filter ] --END-- [ RunTime:0.000000s ]
INFO: Run Behavior\ParseTemplateBehavior [ RunTime:0.038002s ]
INFO: [ view_parse ] --END-- [ RunTime:0.038002s ]
INFO: [ view_filter ] --START--
INFO: Run Behavior\WriteHtmlCacheBehavior [ RunTime:0.004001s ]
INFO: [ view_filter ] --END-- [ RunTime:0.004001s ]
INFO: [ app_end ] --START--
INFO: Run Behavior\ShowPageTraceBehavior [ RunTime:0.006000s ]
INFO: [ app_end ] --END-- [ RunTime:0.006000s ]

[ 2017-05-08T13:09:30+08:00 ] 127.0.0.1 /index.php?m=home&c=login&a=login
INFO: [ app_init ] --START--
INFO: Run Behavior\BuildLiteBehavior [ RunTime:0.000000s ]
INFO: [ app_init ] --END-- [ RunTime:0.002000s ]
INFO: [ app_begin ] --START--
INFO: Run Behavior\ReadHtmlCacheBehavior [ RunTime:0.005000s ]
INFO: [ app_begin ] --END-- [ RunTime:0.006000s ]
SQL: SELECT * FROM `bdh_admin` WHERE `status` <> -1 AND `username` = '刘老公' LIMIT 1   [ RunTime:0.0010s ]
SQL: UPDATE `bdh_admin` SET `lastlogintime`='1494220170',`lastloginip`='127.0.0.1' WHERE ( user_id = 4 ) [ RunTime:0.0380s ]

[ 2017-05-08T13:09:32+08:00 ] 127.0.0.1 /index.php
INFO: [ app_init ] --START--
INFO: Run Behavior\BuildLiteBehavior [ RunTime:0.000000s ]
INFO: [ app_init ] --END-- [ RunTime:0.002000s ]
INFO: [ app_begin ] --START--
INFO: Run Behavior\ReadHtmlCacheBehavior [ RunTime:0.002000s ]
INFO: [ app_begin ] --END-- [ RunTime:0.002000s ]
SQL: SELECT * FROM `bdh_product`  [ RunTime:0.0010s ]
SQL: SELECT * FROM `bdh_product_img` WHERE ( product_id = 59 ) LIMIT 1   [ RunTime:0.0020s ]
SQL: SELECT * FROM `bdh_product_label` WHERE ( product_id = 59 ) ORDER BY product_label_id asc  [ RunTime:0.0010s ]
SQL: SELECT * FROM `bdh_label` WHERE `label_id` IN ('5','4','8','7','2','1')  [ RunTime:0.0010s ]
INFO: [ view_parse ] --START--
INFO: [ template_filter ] --START--
INFO: Run Behavior\ContentReplaceBehavior [ RunTime:0.003000s ]
INFO: [ template_filter ] --END-- [ RunTime:0.004000s ]
NOTIC: [8] Use of undefined constant id - assumed 'id' C:\xampp\htdocs\budaohang\Application\Common\Model\AdminModel.class.php 第 109 行.
SQL: SELECT * FROM `bdh_admin` WHERE ( user_id = 4 ) LIMIT 1   [ RunTime:0.0010s ]
SQL: SELECT * FROM `bdh_product_type` ORDER BY create_time desc  [ RunTime:0.0010s ]
SQL: SELECT * FROM `bdh_label` ORDER BY create_time desc  [ RunTime:0.0010s ]
NOTIC: [8] Undefined index: introduction C:\xampp\htdocs\budaohang\Application\Runtime\Cache\Home\2a94b8bda04ff446dcedd42276fc99ee.php 第 1196 行.
INFO: Run Behavior\ParseTemplateBehavior [ RunTime:0.226013s ]
INFO: [ view_parse ] --END-- [ RunTime:0.226013s ]
INFO: [ view_filter ] --START--
INFO: Run Behavior\WriteHtmlCacheBehavior [ RunTime:0.002001s ]
INFO: [ view_filter ] --END-- [ RunTime:0.002001s ]
INFO: [ app_end ] --START--
INFO: Run Behavior\ShowPageTraceBehavior [ RunTime:0.004000s ]
INFO: [ app_end ] --END-- [ RunTime:0.004000s ]

[ 2017-05-08T13:11:19+08:00 ] 127.0.0.1 /index.php?m=home&c=user&a=userset
INFO: [ app_init ] --START--
INFO: Run Behavior\BuildLiteBehavior [ RunTime:0.000000s ]
INFO: [ app_init ] --END-- [ RunTime:0.005000s ]
INFO: [ app_begin ] --START--
INFO: Run Behavior\ReadHtmlCacheBehavior [ RunTime:0.002000s ]
INFO: [ app_begin ] --END-- [ RunTime:0.002000s ]
NOTIC: [8] Use of undefined constant id - assumed 'id' C:\xampp\htdocs\budaohang\Application\Common\Model\AdminModel.class.php 第 109 行.
SQL: SELECT * FROM `bdh_admin` WHERE ( user_id = 4 ) LIMIT 1   [ RunTime:0.0020s ]
INFO: [ view_parse ] --START--
INFO: [ template_filter ] --START--
INFO: Run Behavior\ContentReplaceBehavior [ RunTime:0.001000s ]
INFO: [ template_filter ] --END-- [ RunTime:0.001000s ]
NOTIC: [8] Use of undefined constant id - assumed 'id' C:\xampp\htdocs\budaohang\Application\Common\Model\AdminModel.class.php 第 109 行.
SQL: SELECT * FROM `bdh_admin` WHERE ( user_id = 4 ) LIMIT 1   [ RunTime:0.0010s ]
SQL: SELECT * FROM `bdh_product_type` ORDER BY create_time desc  [ RunTime:0.0010s ]
SQL: SELECT * FROM `bdh_label` ORDER BY create_time desc  [ RunTime:0.0010s ]
INFO: Run Behavior\ParseTemplateBehavior [ RunTime:0.111006s ]
INFO: [ view_parse ] --END-- [ RunTime:0.111006s ]
INFO: [ view_filter ] --START--
INFO: Run Behavior\WriteHtmlCacheBehavior [ RunTime:0.003000s ]
INFO: [ view_filter ] --END-- [ RunTime:0.003000s ]
INFO: [ app_end ] --START--
INFO: Run Behavior\ShowPageTraceBehavior [ RunTime:0.005001s ]
INFO: [ app_end ] --END-- [ RunTime:0.005001s ]

[ 2017-05-08T13:11:21+08:00 ] 127.0.0.1 /
INFO: [ app_init ] --START--
INFO: Run Behavior\BuildLiteBehavior [ RunTime:0.000000s ]
INFO: [ app_init ] --END-- [ RunTime:0.002000s ]
INFO: [ app_begin ] --START--
INFO: Run Behavior\ReadHtmlCacheBehavior [ RunTime:0.003000s ]
INFO: [ app_begin ] --END-- [ RunTime:0.003000s ]
SQL: SELECT * FROM `bdh_product`  [ RunTime:0.0010s ]
SQL: SELECT * FROM `bdh_product_img` WHERE ( product_id = 59 ) LIMIT 1   [ RunTime:0.0000s ]
SQL: SELECT * FROM `bdh_product_label` WHERE ( product_id = 59 ) ORDER BY product_label_id asc  [ RunTime:0.0010s ]
SQL: SELECT * FROM `bdh_label` WHERE `label_id` IN ('5','4','8','7','2','1')  [ RunTime:0.0010s ]
INFO: [ view_parse ] --START--
INFO: [ template_filter ] --START--
INFO: Run Behavior\ContentReplaceBehavior [ RunTime:0.001000s ]
INFO: [ template_filter ] --END-- [ RunTime:0.001000s ]
NOTIC: [8] Use of undefined constant id - assumed 'id' C:\xampp\htdocs\budaohang\Application\Common\Model\AdminModel.class.php 第 109 行.
SQL: SELECT * FROM `bdh_admin` WHERE ( user_id = 4 ) LIMIT 1   [ RunTime:0.0010s ]
SQL: SELECT * FROM `bdh_product_type` ORDER BY create_time desc  [ RunTime:0.0010s ]
SQL: SELECT * FROM `bdh_label` ORDER BY create_time desc  [ RunTime:0.0010s ]
NOTIC: [8] Undefined index: introduction C:\xampp\htdocs\budaohang\Application\Runtime\Cache\Home\2a94b8bda04ff446dcedd42276fc99ee.php 第 1196 行.
INFO: Run Behavior\ParseTemplateBehavior [ RunTime:0.158009s ]
INFO: [ view_parse ] --END-- [ RunTime:0.158009s ]
INFO: [ view_filter ] --START--
INFO: Run Behavior\WriteHtmlCacheBehavior [ RunTime:0.001000s ]
INFO: [ view_filter ] --END-- [ RunTime:0.001000s ]
INFO: [ app_end ] --START--
INFO: Run Behavior\ShowPageTraceBehavior [ RunTime:0.003000s ]
INFO: [ app_end ] --END-- [ RunTime:0.003000s ]

[ 2017-05-08T13:13:23+08:00 ] 127.0.0.1 /index.php?m=home&c=user&a=userset
INFO: [ app_init ] --START--
INFO: Run Behavior\BuildLiteBehavior [ RunTime:0.000000s ]
INFO: [ app_init ] --END-- [ RunTime:0.005000s ]
INFO: [ app_begin ] --START--
INFO: Run Behavior\ReadHtmlCacheBehavior [ RunTime:0.007000s ]
INFO: [ app_begin ] --END-- [ RunTime:0.007000s ]
NOTIC: [8] Use of undefined constant id - assumed 'id' C:\xampp\htdocs\budaohang\Application\Common\Model\AdminModel.class.php 第 109 行.
SQL: SELECT * FROM `bdh_admin` WHERE ( user_id = 4 ) LIMIT 1   [ RunTime:0.0010s ]
INFO: [ view_parse ] --START--
INFO: [ template_filter ] --START--
INFO: Run Behavior\ContentReplaceBehavior [ RunTime:0.001000s ]
INFO: [ template_filter ] --END-- [ RunTime:0.001000s ]
NOTIC: [8] Use of undefined constant id - assumed 'id' C:\xampp\htdocs\budaohang\Application\Common\Model\AdminModel.class.php 第 109 行.
SQL: SELECT * FROM `bdh_admin` WHERE ( user_id = 4 ) LIMIT 1   [ RunTime:0.0010s ]
SQL: SELECT * FROM `bdh_product_type` ORDER BY create_time desc  [ RunTime:0.0010s ]
SQL: SELECT * FROM `bdh_label` ORDER BY create_time desc  [ RunTime:0.0010s ]
INFO: Run Behavior\ParseTemplateBehavior [ RunTime:0.092006s ]
INFO: [ view_parse ] --END-- [ RunTime:0.093006s ]
INFO: [ view_filter ] --START--
INFO: Run Behavior\WriteHtmlCacheBehavior [ RunTime:0.002000s ]
INFO: [ view_filter ] --END-- [ RunTime:0.002000s ]
INFO: [ app_end ] --START--
INFO: Run Behavior\ShowPageTraceBehavior [ RunTime:0.003000s ]
INFO: [ app_end ] --END-- [ RunTime:0.003000s ]

[ 2017-05-08T13:13:24+08:00 ] 127.0.0.1 /
INFO: [ app_init ] --START--
INFO: Run Behavior\BuildLiteBehavior [ RunTime:0.000000s ]
INFO: [ app_init ] --END-- [ RunTime:0.003001s ]
INFO: [ app_begin ] --START--
INFO: Run Behavior\ReadHtmlCacheBehavior [ RunTime:0.008001s ]
INFO: [ app_begin ] --END-- [ RunTime:0.008001s ]
SQL: SELECT * FROM `bdh_product`  [ RunTime:0.0020s ]
SQL: SELECT * FROM `bdh_product_img` WHERE ( product_id = 59 ) LIMIT 1   [ RunTime:0.0010s ]
SQL: SELECT * FROM `bdh_product_label` WHERE ( product_id = 59 ) ORDER BY product_label_id asc  [ RunTime:0.0010s ]
SQL: SELECT * FROM `bdh_label` WHERE `label_id` IN ('5','4','8','7','2','1')  [ RunTime:0.0010s ]
INFO: [ view_parse ] --START--
INFO: [ template_filter ] --START--
INFO: Run Behavior\ContentReplaceBehavior [ RunTime:0.002000s ]
INFO: [ template_filter ] --END-- [ RunTime:0.002000s ]
NOTIC: [8] Use of undefined constant id - assumed 'id' C:\xampp\htdocs\budaohang\Application\Common\Model\AdminModel.class.php 第 109 行.
SQL: SELECT * FROM `bdh_admin` WHERE ( user_id = 4 ) LIMIT 1   [ RunTime:0.0010s ]
SQL: SELECT * FROM `bdh_product_type` ORDER BY create_time desc  [ RunTime:0.0010s ]
SQL: SELECT * FROM `bdh_label` ORDER BY create_time desc  [ RunTime:0.0000s ]
NOTIC: [8] Undefined index: introduction C:\xampp\htdocs\budaohang\Application\Runtime\Cache\Home\2a94b8bda04ff446dcedd42276fc99ee.php 第 1196 行.
INFO: Run Behavior\ParseTemplateBehavior [ RunTime:0.191011s ]
INFO: [ view_parse ] --END-- [ RunTime:0.191011s ]
INFO: [ view_filter ] --START--
INFO: Run Behavior\WriteHtmlCacheBehavior [ RunTime:0.002000s ]
INFO: [ view_filter ] --END-- [ RunTime:0.002000s ]
INFO: [ app_end ] --START--
INFO: Run Behavior\ShowPageTraceBehavior [ RunTime:0.004000s ]
INFO: [ app_end ] --END-- [ RunTime:0.004000s ]

