[ 2017-05-02T08:49:25+08:00 ] 127.0.0.1 /index.php
INFO: [ app_init ] --START--
INFO: Run Behavior\BuildLiteBehavior [ RunTime:0.000000s ]
INFO: [ app_init ] --END-- [ RunTime:0.028002s ]
INFO: [ app_begin ] --START--
INFO: Run Behavior\ReadHtmlCacheBehavior [ RunTime:0.023001s ]
INFO: [ app_begin ] --END-- [ RunTime:0.023001s ]
SQL: SELECT * FROM `bdh_product`  [ RunTime:0.0010s ]
SQL: SELECT * FROM `bdh_product_img` WHERE ( product_id = 59 ) LIMIT 1   [ RunTime:0.0000s ]
SQL: SELECT * FROM `bdh_product_label` WHERE ( product_id = 59 )  [ RunTime:0.0010s ]
INFO: [ view_parse ] --START--
INFO: [ template_filter ] --START--
INFO: Run Behavior\ContentReplaceBehavior [ RunTime:0.001000s ]
INFO: [ template_filter ] --END-- [ RunTime:0.001000s ]
NOTIC: [8] Use of undefined constant id - assumed 'id' C:\xampp\htdocs\budaohang\Application\Common\Model\AdminModel.class.php 第 109 行.
SQL: SELECT * FROM `bdh_admin` WHERE ( user_id = 4 ) LIMIT 1   [ RunTime:0.0010s ]
SQL: SELECT * FROM `bdh_product_type` ORDER BY create_time desc  [ RunTime:0.0010s ]
SQL: SELECT * FROM `bdh_label` ORDER BY create_time desc  [ RunTime:0.0010s ]
INFO: Run Behavior\ParseTemplateBehavior [ RunTime:0.335019s ]
INFO: [ view_parse ] --END-- [ RunTime:0.335019s ]
INFO: [ view_filter ] --START--
INFO: Run Behavior\WriteHtmlCacheBehavior [ RunTime:0.014001s ]
INFO: [ view_filter ] --END-- [ RunTime:0.014001s ]
INFO: [ app_end ] --START--
INFO: Run Behavior\ShowPageTraceBehavior [ RunTime:0.040002s ]
INFO: [ app_end ] --END-- [ RunTime:0.040002s ]

[ 2017-05-02T08:55:22+08:00 ] 127.0.0.1 /index.php
INFO: [ app_init ] --START--
INFO: Run Behavior\BuildLiteBehavior [ RunTime:0.000000s ]
INFO: [ app_init ] --END-- [ RunTime:0.000000s ]
INFO: [ app_begin ] --START--
INFO: Run Behavior\ReadHtmlCacheBehavior [ RunTime:0.001000s ]
INFO: [ app_begin ] --END-- [ RunTime:0.002000s ]
SQL: SELECT * FROM `bdh_product`  [ RunTime:0.0010s ]
SQL: SELECT * FROM `bdh_product_img` WHERE ( product_id = 59 ) LIMIT 1   [ RunTime:0.0010s ]
SQL: SELECT * FROM `bdh_product_label` WHERE ( product_id = 59 )  [ RunTime:0.0010s ]
SQL: SELECT * FROM `bdh_label` WHERE `label_id` IN ('5','4','8','7','2','1')  [ RunTime:0.0010s ]
INFO: [ view_parse ] --START--
INFO: [ template_filter ] --START--
INFO: Run Behavior\ContentReplaceBehavior [ RunTime:0.002000s ]
INFO: [ template_filter ] --END-- [ RunTime:0.002000s ]
NOTIC: [8] Use of undefined constant id - assumed 'id' C:\xampp\htdocs\budaohang\Application\Common\Model\AdminModel.class.php 第 109 行.
SQL: SELECT * FROM `bdh_admin` WHERE ( user_id = 4 ) LIMIT 1   [ RunTime:0.0010s ]
SQL: SELECT * FROM `bdh_product_type` ORDER BY create_time desc  [ RunTime:0.0010s ]
SQL: SELECT * FROM `bdh_label` ORDER BY create_time desc  [ RunTime:0.0010s ]
INFO: Run Behavior\ParseTemplateBehavior [ RunTime:0.106006s ]
INFO: [ view_parse ] --END-- [ RunTime:0.106006s ]
INFO: [ view_filter ] --START--
INFO: Run Behavior\WriteHtmlCacheBehavior [ RunTime:0.002000s ]
INFO: [ view_filter ] --END-- [ RunTime:0.003000s ]
INFO: [ app_end ] --START--
INFO: Run Behavior\ShowPageTraceBehavior [ RunTime:0.003000s ]
INFO: [ app_end ] --END-- [ RunTime:0.003000s ]

[ 2017-05-02T08:59:22+08:00 ] 127.0.0.1 /index.php
INFO: [ app_init ] --START--
INFO: Run Behavior\BuildLiteBehavior [ RunTime:0.000000s ]
INFO: [ app_init ] --END-- [ RunTime:0.001000s ]
INFO: [ app_begin ] --START--
INFO: Run Behavior\ReadHtmlCacheBehavior [ RunTime:0.002000s ]
INFO: [ app_begin ] --END-- [ RunTime:0.002000s ]
SQL: SELECT * FROM `bdh_product`  [ RunTime:0.0000s ]
SQL: SELECT * FROM `bdh_product_img` WHERE ( product_id = 59 ) LIMIT 1   [ RunTime:0.0000s ]
SQL: SELECT * FROM `bdh_product_label` WHERE ( product_id = 59 )  [ RunTime:0.0000s ]
SQL: SELECT * FROM `bdh_label` WHERE `label_id` IN ('5','4','8','7','2','1')  [ RunTime:0.0010s ]
INFO: [ view_parse ] --START--
INFO: [ template_filter ] --START--
INFO: Run Behavior\ContentReplaceBehavior [ RunTime:0.001000s ]
INFO: [ template_filter ] --END-- [ RunTime:0.001000s ]
NOTIC: [8] Use of undefined constant id - assumed 'id' C:\xampp\htdocs\budaohang\Application\Common\Model\AdminModel.class.php 第 109 行.
SQL: SELECT * FROM `bdh_admin` WHERE ( user_id = 4 ) LIMIT 1   [ RunTime:0.0010s ]
SQL: SELECT * FROM `bdh_product_type` ORDER BY create_time desc  [ RunTime:0.0010s ]
SQL: SELECT * FROM `bdh_label` ORDER BY create_time desc  [ RunTime:0.0000s ]
INFO: Run Behavior\ParseTemplateBehavior [ RunTime:0.108006s ]
INFO: [ view_parse ] --END-- [ RunTime:0.108006s ]
INFO: [ view_filter ] --START--
INFO: Run Behavior\WriteHtmlCacheBehavior [ RunTime:0.001000s ]
INFO: [ view_filter ] --END-- [ RunTime:0.001000s ]
INFO: [ app_end ] --START--
INFO: Run Behavior\ShowPageTraceBehavior [ RunTime:0.001000s ]
INFO: [ app_end ] --END-- [ RunTime:0.002000s ]

[ 2017-05-02T09:01:28+08:00 ] 127.0.0.1 /index.php
INFO: [ app_init ] --START--
INFO: Run Behavior\BuildLiteBehavior [ RunTime:0.000000s ]
INFO: [ app_init ] --END-- [ RunTime:0.001000s ]
INFO: [ app_begin ] --START--
INFO: Run Behavior\ReadHtmlCacheBehavior [ RunTime:0.002000s ]
INFO: [ app_begin ] --END-- [ RunTime:0.002000s ]
SQL: SELECT * FROM `bdh_product`  [ RunTime:0.0010s ]
SQL: SELECT * FROM `bdh_product_img` WHERE ( product_id = 59 ) LIMIT 1   [ RunTime:0.0000s ]
SQL: SELECT * FROM `bdh_product_label` WHERE ( product_id = 59 ) ORDER BY product_label_id asc  [ RunTime:0.0000s ]
SQL: SELECT * FROM `bdh_label` WHERE `label_id` IN ('5','4','8','7','2','1')  [ RunTime:0.0010s ]
INFO: [ view_parse ] --START--
INFO: [ template_filter ] --START--
INFO: Run Behavior\ContentReplaceBehavior [ RunTime:0.002000s ]
INFO: [ template_filter ] --END-- [ RunTime:0.002000s ]
NOTIC: [8] Use of undefined constant id - assumed 'id' C:\xampp\htdocs\budaohang\Application\Common\Model\AdminModel.class.php 第 109 行.
SQL: SELECT * FROM `bdh_admin` WHERE ( user_id = 4 ) LIMIT 1   [ RunTime:0.0000s ]
SQL: SELECT * FROM `bdh_product_type` ORDER BY create_time desc  [ RunTime:0.0010s ]
SQL: SELECT * FROM `bdh_label` ORDER BY create_time desc  [ RunTime:0.0000s ]
INFO: Run Behavior\ParseTemplateBehavior [ RunTime:0.111006s ]
INFO: [ view_parse ] --END-- [ RunTime:0.111006s ]
INFO: [ view_filter ] --START--
INFO: Run Behavior\WriteHtmlCacheBehavior [ RunTime:0.002000s ]
INFO: [ view_filter ] --END-- [ RunTime:0.002000s ]
INFO: [ app_end ] --START--
INFO: Run Behavior\ShowPageTraceBehavior [ RunTime:0.003000s ]
INFO: [ app_end ] --END-- [ RunTime:0.003000s ]

[ 2017-05-02T09:04:37+08:00 ] 127.0.0.1 /index.php
INFO: [ app_init ] --START--
INFO: Run Behavior\BuildLiteBehavior [ RunTime:0.000000s ]
INFO: [ app_init ] --END-- [ RunTime:0.001000s ]
INFO: [ app_begin ] --START--
INFO: Run Behavior\ReadHtmlCacheBehavior [ RunTime:0.001000s ]
INFO: [ app_begin ] --END-- [ RunTime:0.001000s ]
SQL: SELECT * FROM `bdh_product`  [ RunTime:0.0010s ]
SQL: SELECT * FROM `bdh_product_img` WHERE ( product_id = 59 ) LIMIT 1   [ RunTime:0.0010s ]
SQL: SELECT * FROM `bdh_product_label` WHERE ( product_id = 59 ) ORDER BY product_label_id asc  [ RunTime:0.0000s ]
SQL: SELECT * FROM `bdh_label` WHERE `label_id` IN ('5','4','8','7','2','1')  [ RunTime:0.0000s ]
INFO: [ view_parse ] --START--
INFO: [ template_filter ] --START--
INFO: Run Behavior\ContentReplaceBehavior [ RunTime:0.001000s ]
INFO: [ template_filter ] --END-- [ RunTime:0.001000s ]
NOTIC: [8] Use of undefined constant id - assumed 'id' C:\xampp\htdocs\budaohang\Application\Common\Model\AdminModel.class.php 第 109 行.
SQL: SELECT * FROM `bdh_admin` WHERE ( user_id = 4 ) LIMIT 1   [ RunTime:0.0000s ]
SQL: SELECT * FROM `bdh_product_type` ORDER BY create_time desc  [ RunTime:0.0010s ]
SQL: SELECT * FROM `bdh_label` ORDER BY create_time desc  [ RunTime:0.0010s ]
INFO: Run Behavior\ParseTemplateBehavior [ RunTime:0.102006s ]
INFO: [ view_parse ] --END-- [ RunTime:0.103006s ]
INFO: [ view_filter ] --START--
INFO: Run Behavior\WriteHtmlCacheBehavior [ RunTime:0.002000s ]
INFO: [ view_filter ] --END-- [ RunTime:0.002000s ]
INFO: [ app_end ] --START--
INFO: Run Behavior\ShowPageTraceBehavior [ RunTime:0.001000s ]
INFO: [ app_end ] --END-- [ RunTime:0.001000s ]

[ 2017-05-02T09:06:45+08:00 ] 127.0.0.1 /index.php
INFO: [ app_init ] --START--
INFO: Run Behavior\BuildLiteBehavior [ RunTime:0.000000s ]
INFO: [ app_init ] --END-- [ RunTime:0.001000s ]
INFO: [ app_begin ] --START--
INFO: Run Behavior\ReadHtmlCacheBehavior [ RunTime:0.002000s ]
INFO: [ app_begin ] --END-- [ RunTime:0.002000s ]
SQL: SELECT * FROM `bdh_product`  [ RunTime:0.0010s ]
SQL: SELECT * FROM `bdh_product_img` WHERE ( product_id = 59 ) LIMIT 1   [ RunTime:0.0010s ]
SQL: SELECT * FROM `bdh_product_label` WHERE ( product_id = 59 ) ORDER BY product_label_id asc  [ RunTime:0.0010s ]
SQL: SELECT * FROM `bdh_label` WHERE `label_id` IN ('5','4','8','7','2','1')  [ RunTime:0.0010s ]
INFO: [ view_parse ] --START--
INFO: [ template_filter ] --START--
INFO: Run Behavior\ContentReplaceBehavior [ RunTime:0.001000s ]
INFO: [ template_filter ] --END-- [ RunTime:0.002000s ]
NOTIC: [8] Use of undefined constant id - assumed 'id' C:\xampp\htdocs\budaohang\Application\Common\Model\AdminModel.class.php 第 109 行.
SQL: SELECT * FROM `bdh_admin` WHERE ( user_id = 4 ) LIMIT 1   [ RunTime:0.0000s ]
SQL: SELECT * FROM `bdh_product_type` ORDER BY create_time desc  [ RunTime:0.0010s ]
SQL: SELECT * FROM `bdh_label` ORDER BY create_time desc  [ RunTime:0.0000s ]
INFO: Run Behavior\ParseTemplateBehavior [ RunTime:0.105006s ]
INFO: [ view_parse ] --END-- [ RunTime:0.105006s ]
INFO: [ view_filter ] --START--
INFO: Run Behavior\WriteHtmlCacheBehavior [ RunTime:0.002001s ]
INFO: [ view_filter ] --END-- [ RunTime:0.002001s ]
INFO: [ app_end ] --START--
INFO: Run Behavior\ShowPageTraceBehavior [ RunTime:0.003000s ]
INFO: [ app_end ] --END-- [ RunTime:0.003000s ]

[ 2017-05-02T09:06:55+08:00 ] 127.0.0.1 /index.php
INFO: [ app_init ] --START--
INFO: Run Behavior\BuildLiteBehavior [ RunTime:0.000000s ]
INFO: [ app_init ] --END-- [ RunTime:0.000000s ]
INFO: [ app_begin ] --START--
INFO: Run Behavior\ReadHtmlCacheBehavior [ RunTime:0.002000s ]
INFO: [ app_begin ] --END-- [ RunTime:0.002000s ]
SQL: SELECT * FROM `bdh_product`  [ RunTime:0.0010s ]
SQL: SELECT * FROM `bdh_product_img` WHERE ( product_id = 59 ) LIMIT 1   [ RunTime:0.0000s ]
SQL: SELECT * FROM `bdh_product_label` WHERE ( product_id = 59 ) ORDER BY product_label_id asc  [ RunTime:0.0010s ]
SQL: SELECT * FROM `bdh_label` WHERE `label_id` IN ('5','4','8','7','2','1')  [ RunTime:0.0010s ]
INFO: [ view_parse ] --START--
INFO: [ template_filter ] --START--
INFO: Run Behavior\ContentReplaceBehavior [ RunTime:0.001000s ]
INFO: [ template_filter ] --END-- [ RunTime:0.002000s ]
NOTIC: [8] Use of undefined constant id - assumed 'id' C:\xampp\htdocs\budaohang\Application\Common\Model\AdminModel.class.php 第 109 行.
SQL: SELECT * FROM `bdh_admin` WHERE ( user_id = 4 ) LIMIT 1   [ RunTime:0.0010s ]
SQL: SELECT * FROM `bdh_product_type` ORDER BY create_time desc  [ RunTime:0.0010s ]
SQL: SELECT * FROM `bdh_label` ORDER BY create_time desc  [ RunTime:0.0000s ]
INFO: Run Behavior\ParseTemplateBehavior [ RunTime:0.122007s ]
INFO: [ view_parse ] --END-- [ RunTime:0.122007s ]
INFO: [ view_filter ] --START--
INFO: Run Behavior\WriteHtmlCacheBehavior [ RunTime:0.001000s ]
INFO: [ view_filter ] --END-- [ RunTime:0.001000s ]
INFO: [ app_end ] --START--
INFO: Run Behavior\ShowPageTraceBehavior [ RunTime:0.006000s ]
INFO: [ app_end ] --END-- [ RunTime:0.006000s ]

[ 2017-05-02T09:07:13+08:00 ] 127.0.0.1 /index.php
INFO: [ app_init ] --START--
INFO: Run Behavior\BuildLiteBehavior [ RunTime:0.000000s ]
INFO: [ app_init ] --END-- [ RunTime:0.001000s ]
INFO: [ app_begin ] --START--
INFO: Run Behavior\ReadHtmlCacheBehavior [ RunTime:0.002001s ]
INFO: [ app_begin ] --END-- [ RunTime:0.002001s ]
SQL: SELECT * FROM `bdh_product`  [ RunTime:0.0010s ]
SQL: SELECT * FROM `bdh_product_img` WHERE ( product_id = 59 ) LIMIT 1   [ RunTime:0.0010s ]
SQL: SELECT * FROM `bdh_product_label` WHERE ( product_id = 59 ) ORDER BY product_label_id asc  [ RunTime:0.0000s ]
SQL: SELECT * FROM `bdh_label` WHERE `label_id` IN ('5','4','8','7','2','1')  [ RunTime:0.0010s ]
INFO: [ view_parse ] --START--
INFO: [ template_filter ] --START--
INFO: Run Behavior\ContentReplaceBehavior [ RunTime:0.001000s ]
INFO: [ template_filter ] --END-- [ RunTime:0.002000s ]
NOTIC: [8] Use of undefined constant id - assumed 'id' C:\xampp\htdocs\budaohang\Application\Common\Model\AdminModel.class.php 第 109 行.
SQL: SELECT * FROM `bdh_admin` WHERE ( user_id = 4 ) LIMIT 1   [ RunTime:0.0000s ]
SQL: SELECT * FROM `bdh_product_type` ORDER BY create_time desc  [ RunTime:0.0000s ]
SQL: SELECT * FROM `bdh_label` ORDER BY create_time desc  [ RunTime:0.0000s ]
INFO: Run Behavior\ParseTemplateBehavior [ RunTime:0.120007s ]
INFO: [ view_parse ] --END-- [ RunTime:0.121007s ]
INFO: [ view_filter ] --START--
INFO: Run Behavior\WriteHtmlCacheBehavior [ RunTime:0.002000s ]
INFO: [ view_filter ] --END-- [ RunTime:0.002000s ]
INFO: [ app_end ] --START--
INFO: Run Behavior\ShowPageTraceBehavior [ RunTime:0.002000s ]
INFO: [ app_end ] --END-- [ RunTime:0.002000s ]

