[ 2017-02-01T20:20:09+08:00 ] 127.0.0.1 /bdh/index.php/m=home&c=register&a=check
INFO: [ app_init ] --START--
INFO: Run Behavior\BuildLiteBehavior [ RunTime:0.000000s ]
INFO: [ app_init ] --END-- [ RunTime:0.001000s ]
ERR: 无法加载模块:M=home&c=register&a=check

[ 2017-02-01T20:20:28+08:00 ] 127.0.0.1 /bdh/index.php/m=home&c=register&a=check
INFO: [ app_init ] --START--
INFO: Run Behavior\BuildLiteBehavior [ RunTime:0.000000s ]
INFO: [ app_init ] --END-- [ RunTime:0.001000s ]
ERR: 无法加载模块:M=home&c=register&a=check

[ 2017-02-01T20:21:48+08:00 ] 127.0.0.1 /bdh/index.php/m=home&c=register&a=check
INFO: [ app_init ] --START--
INFO: Run Behavior\BuildLiteBehavior [ RunTime:0.000000s ]
INFO: [ app_init ] --END-- [ RunTime:0.001000s ]
ERR: 无法加载模块:M=home&c=register&a=check

[ 2017-02-01T20:22:30+08:00 ] 127.0.0.1 /bdh/index.php/m=home&c=register&a=check
INFO: [ app_init ] --START--
INFO: Run Behavior\BuildLiteBehavior [ RunTime:0.000000s ]
INFO: [ app_init ] --END-- [ RunTime:0.001000s ]
ERR: 无法加载模块:M=home&c=register&a=check

[ 2017-02-01T20:22:57+08:00 ] 127.0.0.1 /bdh/index.php/m=home&c=register&a=check
INFO: [ app_init ] --START--
INFO: Run Behavior\BuildLiteBehavior [ RunTime:0.001000s ]
INFO: [ app_init ] --END-- [ RunTime:0.001000s ]
ERR: 无法加载模块:M=home&c=register&a=check

[ 2017-02-01T20:23:37+08:00 ] 127.0.0.1 /bdh/index.php/m=home&c=register&a=check
INFO: [ app_init ] --START--
INFO: Run Behavior\BuildLiteBehavior [ RunTime:0.000000s ]
INFO: [ app_init ] --END-- [ RunTime:0.001000s ]
ERR: 无法加载模块:M=home&c=register&a=check

[ 2017-02-01T20:24:40+08:00 ] 127.0.0.1 /bdh/index.php/m=home&c=register&a=check
INFO: [ app_init ] --START--
INFO: Run Behavior\BuildLiteBehavior [ RunTime:0.000000s ]
INFO: [ app_init ] --END-- [ RunTime:0.000000s ]
ERR: 无法加载模块:M=home&c=register&a=check

[ 2017-02-01T20:25:26+08:00 ] 127.0.0.1 /bdh/index.php/m=home&c=register&a=check
INFO: [ app_init ] --START--
INFO: Run Behavior\BuildLiteBehavior [ RunTime:0.000000s ]
INFO: [ app_init ] --END-- [ RunTime:0.001000s ]
ERR: 无法加载模块:M=home&c=register&a=check

[ 2017-02-01T20:29:06+08:00 ] 127.0.0.1 /bdh/index.php/m=home&c=register&a=check
INFO: [ app_init ] --START--
INFO: Run Behavior\BuildLiteBehavior [ RunTime:0.001000s ]
INFO: [ app_init ] --END-- [ RunTime:0.001000s ]
ERR: 无法加载模块:M=home&c=register&a=check

[ 2017-02-01T20:31:01+08:00 ] 127.0.0.1 /bdh/index.php/m=home&c=register&a=userRegister
INFO: [ app_init ] --START--
INFO: Run Behavior\BuildLiteBehavior [ RunTime:0.000000s ]
INFO: [ app_init ] --END-- [ RunTime:0.001000s ]
ERR: 无法加载模块:M=home&c=register&a=userRegister

[ 2017-02-01T20:31:19+08:00 ] 127.0.0.1 /bdh/index.php/m=home&c=register&a=userRegister
INFO: [ app_init ] --START--
INFO: Run Behavior\BuildLiteBehavior [ RunTime:0.000000s ]
INFO: [ app_init ] --END-- [ RunTime:0.001000s ]
ERR: 无法加载模块:M=home&c=register&a=userRegister

[ 2017-02-01T20:31:20+08:00 ] 127.0.0.1 /bdh/index.php/m=home&c=register&a=userRegister
INFO: [ app_init ] --START--
INFO: Run Behavior\BuildLiteBehavior [ RunTime:0.000000s ]
INFO: [ app_init ] --END-- [ RunTime:0.001000s ]
ERR: 无法加载模块:M=home&c=register&a=userRegister

[ 2017-02-01T20:31:20+08:00 ] 127.0.0.1 /bdh/index.php/m=home&c=register&a=userRegister
INFO: [ app_init ] --START--
INFO: Run Behavior\BuildLiteBehavior [ RunTime:0.000000s ]
INFO: [ app_init ] --END-- [ RunTime:0.000000s ]
ERR: 无法加载模块:M=home&c=register&a=userRegister

[ 2017-02-01T20:31:20+08:00 ] 127.0.0.1 /bdh/index.php/m=home&c=register&a=userRegister
INFO: [ app_init ] --START--
INFO: Run Behavior\BuildLiteBehavior [ RunTime:0.001001s ]
INFO: [ app_init ] --END-- [ RunTime:0.001001s ]
ERR: 无法加载模块:M=home&c=register&a=userRegister

[ 2017-02-01T20:31:20+08:00 ] 127.0.0.1 /bdh/index.php/m=home&c=register&a=userRegister
INFO: [ app_init ] --START--
INFO: Run Behavior\BuildLiteBehavior [ RunTime:0.000000s ]
INFO: [ app_init ] --END-- [ RunTime:0.000000s ]
ERR: 无法加载模块:M=home&c=register&a=userRegister

[ 2017-02-01T20:31:20+08:00 ] 127.0.0.1 /bdh/index.php/m=home&c=register&a=userRegister
INFO: [ app_init ] --START--
INFO: Run Behavior\BuildLiteBehavior [ RunTime:0.000000s ]
INFO: [ app_init ] --END-- [ RunTime:0.001000s ]
ERR: 无法加载模块:M=home&c=register&a=userRegister

[ 2017-02-01T20:31:21+08:00 ] 127.0.0.1 /bdh/index.php/m=home&c=register&a=userRegister
INFO: [ app_init ] --START--
INFO: Run Behavior\BuildLiteBehavior [ RunTime:0.000000s ]
INFO: [ app_init ] --END-- [ RunTime:0.001000s ]
ERR: 无法加载模块:M=home&c=register&a=userRegister

[ 2017-02-01T20:31:21+08:00 ] 127.0.0.1 /bdh/index.php/m=home&c=register&a=userRegister
INFO: [ app_init ] --START--
INFO: Run Behavior\BuildLiteBehavior [ RunTime:0.000000s ]
INFO: [ app_init ] --END-- [ RunTime:0.001000s ]
ERR: 无法加载模块:M=home&c=register&a=userRegister

[ 2017-02-01T20:31:21+08:00 ] 127.0.0.1 /bdh/index.php/m=home&c=register&a=userRegister
INFO: [ app_init ] --START--
INFO: Run Behavior\BuildLiteBehavior [ RunTime:0.000000s ]
INFO: [ app_init ] --END-- [ RunTime:0.000000s ]
ERR: 无法加载模块:M=home&c=register&a=userRegister

[ 2017-02-01T20:31:21+08:00 ] 127.0.0.1 /bdh/index.php/m=home&c=register&a=userRegister
INFO: [ app_init ] --START--
INFO: Run Behavior\BuildLiteBehavior [ RunTime:0.000000s ]
INFO: [ app_init ] --END-- [ RunTime:0.001001s ]
ERR: 无法加载模块:M=home&c=register&a=userRegister

[ 2017-02-01T20:31:21+08:00 ] 127.0.0.1 /bdh/index.php/m=home&c=register&a=userRegister
INFO: [ app_init ] --START--
INFO: Run Behavior\BuildLiteBehavior [ RunTime:0.000000s ]
INFO: [ app_init ] --END-- [ RunTime:0.001000s ]
ERR: 无法加载模块:M=home&c=register&a=userRegister

[ 2017-02-01T20:31:22+08:00 ] 127.0.0.1 /bdh/index.php/m=home&c=register&a=userRegister
INFO: [ app_init ] --START--
INFO: Run Behavior\BuildLiteBehavior [ RunTime:0.000000s ]
INFO: [ app_init ] --END-- [ RunTime:0.001000s ]
ERR: 无法加载模块:M=home&c=register&a=userRegister

[ 2017-02-01T20:32:21+08:00 ] 127.0.0.1 /bdh/index.php/m=home&c=register&a=userRegister
INFO: [ app_init ] --START--
INFO: Run Behavior\BuildLiteBehavior [ RunTime:0.000000s ]
INFO: [ app_init ] --END-- [ RunTime:0.000000s ]
ERR: 无法加载模块:M=home&c=register&a=userRegister

[ 2017-02-01T20:42:29+08:00 ] 127.0.0.1 /bdh/index.php/m=home&c=register&a=userRegister
INFO: [ app_init ] --START--
INFO: Run Behavior\BuildLiteBehavior [ RunTime:0.000000s ]
INFO: [ app_init ] --END-- [ RunTime:0.001000s ]
ERR: 无法加载模块:M=home&c=register&a=userRegister

[ 2017-02-01T20:43:36+08:00 ] 127.0.0.1 /bdh/index.php/m=home&c=register&a=userRegister
INFO: [ app_init ] --START--
INFO: Run Behavior\BuildLiteBehavior [ RunTime:0.000000s ]
INFO: [ app_init ] --END-- [ RunTime:0.000000s ]
ERR: 无法加载模块:M=home&c=register&a=userRegister

